# JRE version: OpenJDK Runtime Environment (21.0+35) (build 21+35-2513)
# Java VM: OpenJDK 64-Bit Server VM (21+35-2513, mixed mode, sharing, tiered, compressed oops, compressed class ptrs, g1 gc, windows-amd64)
GC Precious Log:
 CardTable entry size: 512
 Card Set container configuration: InlinePtr #cards 5 size 8 Array Of Cards #cards 12 size 40 Howl #buckets 4 coarsen threshold 1843 Howl Bitmap #cards 512 size 80 coarsen threshold 460 Card regions per heap region 1 cards per card region 2048
 CPUs: 8 total, 8 available
 Memory: 8063M
 Large Page Support: Disabled
 NUMA Support: Disabled
 Compressed Oops: Enabled (32-bit)
 Heap Region Size: 1M
 Heap Min Capacity: 8M
 Heap Initial Capacity: 126M
 Heap Max Capacity: 2G
 Pre-touch: Disabled
 Parallel Workers: 8
 Concurrent Workers: 2
 Concurrent Refinement Workers: 8
 Periodic GC: Disabled
Heap:
 garbage-first heap   total 337920K, used 297137K [0x0000000080000000, 0x0000000100000000)
  region size 1024K, 131 young (134144K), 17 survivors (17408K)
 Metaspace       used 114064K, committed 116224K, reserved 1179648K
  class space    used 15337K, committed 16448K, reserved 1048576K
GC Heap History (20 events):
Event: 16.214 GC heap after
{Heap after GC invocations=30 (full 0):
 garbage-first heap   total 163840K, used 97107K [0x0000000080000000, 0x0000000100000000)
  region size 1024K, 4 young (4096K), 4 survivors (4096K)
 Metaspace       used 91038K, committed 93184K, reserved 1179648K
  class space    used 12590K, committed 13696K, reserved 1048576K
}
Event: 17.010 GC heap before
{Heap before GC invocations=30 (full 0):
 garbage-first heap   total 163840K, used 143187K [0x0000000080000000, 0x0000000100000000)
  region size 1024K, 50 young (51200K), 4 survivors (4096K)
 Metaspace       used 93885K, committed 95872K, reserved 1179648K
  class space    used 12935K, committed 13952K, reserved 1048576K
}
Event: 17.019 GC heap after
{Heap after GC invocations=31 (full 0):
 garbage-first heap   total 163840K, used 99783K [0x0000000080000000, 0x0000000100000000)
  region size 1024K, 7 young (7168K), 7 survivors (7168K)
 Metaspace       used 93885K, committed 95872K, reserved 1179648K
  class space    used 12935K, committed 13952K, reserved 1048576K
}
Event: 17.576 GC heap before
{Heap before GC invocations=31 (full 0):
 garbage-first heap   total 163840K, used 120263K [0x0000000080000000, 0x0000000100000000)
  region size 1024K, 29 young (29696K), 7 survivors (7168K)
 Metaspace       used 94146K, committed 96256K, reserved 1179648K
  class space    used 12937K, committed 14016K, reserved 1048576K
}
Event: 17.586 GC heap after
{Heap after GC invocations=32 (full 0):
 garbage-first heap   total 163840K, used 107228K [0x0000000080000000, 0x0000000100000000)
  region size 1024K, 7 young (7168K), 7 survivors (7168K)
 Metaspace       used 94146K, committed 96256K, reserved 1179648K
  class space    used 12937K, committed 14016K, reserved 1048576K
}
Event: 18.435 GC heap before
{Heap before GC invocations=33 (full 0):
 garbage-first heap   total 206848K, used 158428K [0x0000000080000000, 0x0000000100000000)
  region size 1024K, 44 young (45056K), 7 survivors (7168K)
 Metaspace       used 94742K, committed 96768K, reserved 1179648K
  class space    used 12989K, committed 14016K, reserved 1048576K
}
Event: 18.461 GC heap after
{Heap after GC invocations=34 (full 0):
 garbage-first heap   total 206848K, used 127119K [0x0000000080000000, 0x0000000100000000)
  region size 1024K, 6 young (6144K), 6 survivors (6144K)
 Metaspace       used 94742K, committed 96768K, reserved 1179648K
  class space    used 12989K, committed 14016K, reserved 1048576K
}
Event: 19.772 GC heap before
{Heap before GC invocations=34 (full 0):
 garbage-first heap   total 206848K, used 171151K [0x0000000080000000, 0x0000000100000000)
  region size 1024K, 48 young (49152K), 6 survivors (6144K)
 Metaspace       used 97591K, committed 99648K, reserved 1179648K
  class space    used 13310K, committed 14400K, reserved 1048576K
}
Event: 19.784 GC heap after
{Heap after GC invocations=35 (full 0):
 garbage-first heap   total 206848K, used 129842K [0x0000000080000000, 0x0000000100000000)
  region size 1024K, 5 young (5120K), 5 survivors (5120K)
 Metaspace       used 97591K, committed 99648K, reserved 1179648K
  class space    used 13310K, committed 14400K, reserved 1048576K
}
Event: 20.069 GC heap before
{Heap before GC invocations=35 (full 0):
 garbage-first heap   total 206848K, used 143154K [0x0000000080000000, 0x0000000100000000)
  region size 1024K, 19 young (19456K), 5 survivors (5120K)
 Metaspace       used 97756K, committed 99840K, reserved 1179648K
  class space    used 13325K, committed 14400K, reserved 1048576K
}
Event: 20.080 GC heap after
{Heap after GC invocations=36 (full 0):
 garbage-first heap   total 206848K, used 136181K [0x0000000080000000, 0x0000000100000000)
  region size 1024K, 6 young (6144K), 6 survivors (6144K)
 Metaspace       used 97756K, committed 99840K, reserved 1179648K
  class space    used 13325K, committed 14400K, reserved 1048576K
}
Event: 20.661 GC heap before
{Heap before GC invocations=37 (full 0):
 garbage-first heap   total 260096K, used 193525K [0x0000000080000000, 0x0000000100000000)
  region size 1024K, 47 young (48128K), 6 survivors (6144K)
 Metaspace       used 99522K, committed 101632K, reserved 1179648K
  class space    used 13451K, committed 14528K, reserved 1048576K
}
Event: 20.674 GC heap after
{Heap after GC invocations=38 (full 0):
 garbage-first heap   total 260096K, used 137604K [0x0000000080000000, 0x0000000100000000)
  region size 1024K, 6 young (6144K), 6 survivors (6144K)
 Metaspace       used 99522K, committed 101632K, reserved 1179648K
  class space    used 13451K, committed 14528K, reserved 1048576K
}
Event: 21.944 GC heap before
{Heap before GC invocations=38 (full 0):
 garbage-first heap   total 260096K, used 210308K [0x0000000080000000, 0x0000000100000000)
  region size 1024K, 78 young (79872K), 6 survivors (6144K)
 Metaspace       used 102047K, committed 104128K, reserved 1179648K
  class space    used 13677K, committed 14720K, reserved 1048576K
}
Event: 21.956 GC heap after
{Heap after GC invocations=39 (full 0):
 garbage-first heap   total 312320K, used 140418K [0x0000000080000000, 0x0000000100000000)
  region size 1024K, 4 young (4096K), 4 survivors (4096K)
 Metaspace       used 102047K, committed 104128K, reserved 1179648K
  class space    used 13677K, committed 14720K, reserved 1048576K
}
Event: 24.611 GC heap before
{Heap before GC invocations=39 (full 0):
 garbage-first heap   total 312320K, used 246914K [0x0000000080000000, 0x0000000100000000)
  region size 1024K, 109 young (111616K), 4 survivors (4096K)
 Metaspace       used 104429K, committed 106560K, reserved 1179648K
  class space    used 13914K, committed 14976K, reserved 1048576K
}
Event: 24.619 GC heap after
{Heap after GC invocations=40 (full 0):
 garbage-first heap   total 312320K, used 144105K [0x0000000080000000, 0x0000000100000000)
  region size 1024K, 8 young (8192K), 8 survivors (8192K)
 Metaspace       used 104429K, committed 106560K, reserved 1179648K
  class space    used 13914K, committed 14976K, reserved 1048576K
}
Event: 28.603 GC heap before
{Heap before GC invocations=40 (full 0):
 garbage-first heap   total 312320K, used 262889K [0x0000000080000000, 0x0000000100000000)
  region size 1024K, 126 young (129024K), 8 survivors (8192K)
 Metaspace       used 107442K, committed 109632K, reserved 1179648K
  class space    used 14241K, committed 15360K, reserved 1048576K
}
Event: 28.621 GC heap after
{Heap after GC invocations=41 (full 0):
 garbage-first heap   total 312320K, used 153777K [0x0000000080000000, 0x0000000100000000)
  region size 1024K, 17 young (17408K), 17 survivors (17408K)
 Metaspace       used 107442K, committed 109632K, reserved 1179648K
  class space    used 14241K, committed 15360K, reserved 1048576K
}
Event: 29.948 GC heap before
{Heap before GC invocations=42 (full 0):
 garbage-first heap   total 312320K, used 296113K [0x0000000080000000, 0x0000000100000000)
  region size 1024K, 131 young (134144K), 17 survivors (17408K)
 Metaspace       used 114064K, committed 116224K, reserved 1179648K
  class space    used 15337K, committed 16448K, reserved 1048576K
}

