# JRE version: OpenJDK Runtime Environment (21.0+35) (build 21+35-2513)
# Java VM: OpenJDK 64-Bit Server VM (21+35-2513, mixed mode, sharing, tiered, compressed oops, compressed class ptrs, g1 gc, windows-amd64)
GC Precious Log:
 CardTable entry size: 512
 Card Set container configuration: InlinePtr #cards 5 size 8 Array Of Cards #cards 12 size 40 Howl #buckets 4 coarsen threshold 1843 Howl Bitmap #cards 512 size 80 coarsen threshold 460 Card regions per heap region 1 cards per card region 2048
 CPUs: 8 total, 8 available
 Memory: 8063M
 Large Page Support: Disabled
 NUMA Support: Disabled
 Compressed Oops: Enabled (32-bit)
 Heap Region Size: 1M
 Heap Min Capacity: 8M
 Heap Initial Capacity: 126M
 Heap Max Capacity: 2G
 Pre-touch: Disabled
 Parallel Workers: 8
 Concurrent Workers: 2
 Concurrent Refinement Workers: 8
 Periodic GC: Disabled
Heap:
 garbage-first heap   total 406528K, used 241664K [0x0000000080000000, 0x0000000100000000)
  region size 1024K, 13 young (13312K), 13 survivors (13312K)
 Metaspace       used 120903K, committed 123008K, reserved 1179648K
  class space    used 16327K, committed 17408K, reserved 1048576K
GC Heap History (20 events):
Event: 27.088 GC heap after
{Heap after GC invocations=34 (full 0):
 garbage-first heap   total 194560K, used 124460K [0x0000000080000000, 0x0000000100000000)
  region size 1024K, 8 young (8192K), 8 survivors (8192K)
 Metaspace       used 100568K, committed 102656K, reserved 1179648K
  class space    used 13720K, committed 14784K, reserved 1048576K
}
Event: 28.119 GC heap before
{Heap before GC invocations=34 (full 0):
 garbage-first heap   total 194560K, used 166444K [0x0000000080000000, 0x0000000100000000)
  region size 1024K, 49 young (50176K), 8 survivors (8192K)
 Metaspace       used 102597K, committed 104704K, reserved 1179648K
  class space    used 13975K, committed 15040K, reserved 1048576K
}
Event: 28.135 GC heap after
{Heap after GC invocations=35 (full 0):
 garbage-first heap   total 194560K, used 130341K [0x0000000080000000, 0x0000000100000000)
  region size 1024K, 7 young (7168K), 7 survivors (7168K)
 Metaspace       used 102597K, committed 104704K, reserved 1179648K
  class space    used 13975K, committed 15040K, reserved 1048576K
}
Event: 28.147 GC heap before
{Heap before GC invocations=35 (full 0):
 garbage-first heap   total 194560K, used 131365K [0x0000000080000000, 0x0000000100000000)
  region size 1024K, 9 young (9216K), 7 survivors (7168K)
 Metaspace       used 102598K, committed 104704K, reserved 1179648K
  class space    used 13975K, committed 15040K, reserved 1048576K
}
Event: 28.154 GC heap after
{Heap after GC invocations=36 (full 0):
 garbage-first heap   total 194560K, used 132096K [0x0000000080000000, 0x0000000100000000)
  region size 1024K, 1 young (1024K), 1 survivors (1024K)
 Metaspace       used 102598K, committed 104704K, reserved 1179648K
  class space    used 13975K, committed 15040K, reserved 1048576K
}
Event: 29.094 GC heap before
{Heap before GC invocations=37 (full 0):
 garbage-first heap   total 256000K, used 187392K [0x0000000080000000, 0x0000000100000000)
  region size 1024K, 41 young (41984K), 1 survivors (1024K)
 Metaspace       used 106639K, committed 108736K, reserved 1179648K
  class space    used 14354K, committed 15424K, reserved 1048576K
}
Event: 29.101 GC heap after
{Heap after GC invocations=38 (full 0):
 garbage-first heap   total 256000K, used 138859K [0x0000000080000000, 0x0000000100000000)
  region size 1024K, 4 young (4096K), 4 survivors (4096K)
 Metaspace       used 106639K, committed 108736K, reserved 1179648K
  class space    used 14354K, committed 15424K, reserved 1048576K
}
Event: 30.698 GC heap before
{Heap before GC invocations=38 (full 0):
 garbage-first heap   total 256000K, used 224875K [0x0000000080000000, 0x0000000100000000)
  region size 1024K, 89 young (91136K), 4 survivors (4096K)
 Metaspace       used 107521K, committed 109632K, reserved 1179648K
  class space    used 14422K, committed 15488K, reserved 1048576K
}
Event: 30.714 GC heap after
{Heap after GC invocations=39 (full 0):
 garbage-first heap   total 256000K, used 144597K [0x0000000080000000, 0x0000000100000000)
  region size 1024K, 11 young (11264K), 11 survivors (11264K)
 Metaspace       used 107521K, committed 109632K, reserved 1179648K
  class space    used 14422K, committed 15488K, reserved 1048576K
}
Event: 30.779 GC heap before
{Heap before GC invocations=39 (full 0):
 garbage-first heap   total 256000K, used 149717K [0x0000000080000000, 0x0000000100000000)
  region size 1024K, 17 young (17408K), 11 survivors (11264K)
 Metaspace       used 107629K, committed 109696K, reserved 1179648K
  class space    used 14435K, committed 15488K, reserved 1048576K
}
Event: 30.789 GC heap after
{Heap after GC invocations=40 (full 0):
 garbage-first heap   total 256000K, used 146181K [0x0000000080000000, 0x0000000100000000)
  region size 1024K, 2 young (2048K), 2 survivors (2048K)
 Metaspace       used 107629K, committed 109696K, reserved 1179648K
  class space    used 14435K, committed 15488K, reserved 1048576K
}
Event: 31.855 GC heap before
{Heap before GC invocations=41 (full 0):
 garbage-first heap   total 273408K, used 262917K [0x0000000080000000, 0x0000000100000000)
  region size 1024K, 82 young (83968K), 2 survivors (2048K)
 Metaspace       used 112200K, committed 114304K, reserved 1179648K
  class space    used 14996K, committed 16064K, reserved 1048576K
}
Event: 31.870 GC heap after
{Heap after GC invocations=42 (full 0):
 garbage-first heap   total 281600K, used 179392K [0x0000000080000000, 0x0000000100000000)
  region size 1024K, 11 young (11264K), 11 survivors (11264K)
 Metaspace       used 112200K, committed 114304K, reserved 1179648K
  class space    used 14996K, committed 16064K, reserved 1048576K
}
Event: 32.615 GC heap before
{Heap before GC invocations=42 (full 0):
 garbage-first heap   total 281600K, used 254144K [0x0000000080000000, 0x0000000100000000)
  region size 1024K, 83 young (84992K), 11 survivors (11264K)
 Metaspace       used 115633K, committed 117760K, reserved 1179648K
  class space    used 15637K, committed 16704K, reserved 1048576K
}
Event: 32.649 GC heap after
{Heap after GC invocations=43 (full 0):
 garbage-first heap   total 286720K, used 191405K [0x0000000080000000, 0x0000000100000000)
  region size 1024K, 11 young (11264K), 11 survivors (11264K)
 Metaspace       used 115633K, committed 117760K, reserved 1179648K
  class space    used 15637K, committed 16704K, reserved 1048576K
}
Event: 33.050 GC heap before
{Heap before GC invocations=43 (full 0):
 garbage-first heap   total 286720K, used 253869K [0x0000000080000000, 0x0000000100000000)
  region size 1024K, 73 young (74752K), 11 survivors (11264K)
 Metaspace       used 115899K, committed 118016K, reserved 1179648K
  class space    used 15641K, committed 16704K, reserved 1048576K
}
Event: 33.094 GC heap after
{Heap after GC invocations=44 (full 0):
 garbage-first heap   total 293888K, used 219136K [0x0000000080000000, 0x0000000100000000)
  region size 1024K, 10 young (10240K), 10 survivors (10240K)
 Metaspace       used 115899K, committed 118016K, reserved 1179648K
  class space    used 15641K, committed 16704K, reserved 1048576K
}
Event: 33.527 GC heap before
{Heap before GC invocations=45 (full 0):
 garbage-first heap   total 406528K, used 253952K [0x0000000080000000, 0x0000000100000000)
  region size 1024K, 51 young (52224K), 10 survivors (10240K)
 Metaspace       used 116163K, committed 118336K, reserved 1179648K
  class space    used 15670K, committed 16768K, reserved 1048576K
}
Event: 33.563 GC heap after
{Heap after GC invocations=46 (full 0):
 garbage-first heap   total 406528K, used 231936K [0x0000000080000000, 0x0000000100000000)
  region size 1024K, 7 young (7168K), 7 survivors (7168K)
 Metaspace       used 116163K, committed 118336K, reserved 1179648K
  class space    used 15670K, committed 16768K, reserved 1048576K
}
Event: 37.288 GC heap before
{Heap before GC invocations=46 (full 0):
 garbage-first heap   total 406528K, used 326144K [0x0000000080000000, 0x0000000100000000)
  region size 1024K, 100 young (102400K), 7 survivors (7168K)
 Metaspace       used 120903K, committed 123008K, reserved 1179648K
  class space    used 16327K, committed 17408K, reserved 1048576K
}

