# JRE version: OpenJDK Runtime Environment (17.0.6) (build 17.0.6+0-b2043.56-10027231)
# Java VM: OpenJDK 64-Bit Server VM (17.0.6+0-b2043.56-10027231, mixed mode, tiered, compressed oops, compressed class ptrs, g1 gc, windows-amd64)
GC Precious Log:
 CPUs: 8 total, 8 available
 Memory: 8063M
 Large Page Support: Disabled
 NUMA Support: Disabled
 Compressed Oops: Enabled (32-bit)
 Heap Region Size: 1M
 Heap Min Capacity: 8M
 Heap Initial Capacity: 126M
 Heap Max Capacity: 2016M
 Pre-touch: Disabled
 Parallel Workers: 8
 Concurrent Workers: 2
 Concurrent Refinement Workers: 8
 Periodic GC: Disabled
Heap:
 garbage-first heap   total 192512K, used 94859K [0x0000000082000000, 0x0000000100000000)
  region size 1024K, 40 young (40960K), 12 survivors (12288K)
 Metaspace       used 71455K, committed 71808K, reserved 1114112K
  class space    used 8057K, committed 8256K, reserved 1048576K
GC Heap History (20 events):
Event: 9.357 GC heap before
{Heap before GC invocations=17 (full 0):
 garbage-first heap   total 78848K, used 59318K [0x0000000082000000, 0x0000000100000000)
  region size 1024K, 23 young (23552K), 3 survivors (3072K)
 Metaspace       used 55315K, committed 55552K, reserved 1105920K
  class space    used 6499K, committed 6592K, reserved 1048576K
}
Event: 9.378 GC heap after
{Heap after GC invocations=18 (full 0):
 garbage-first heap   total 78848K, used 42929K [0x0000000082000000, 0x0000000100000000)
  region size 1024K, 3 young (3072K), 3 survivors (3072K)
 Metaspace       used 55315K, committed 55552K, reserved 1105920K
  class space    used 6499K, committed 6592K, reserved 1048576K
}
Event: 9.800 GC heap before
{Heap before GC invocations=18 (full 0):
 garbage-first heap   total 78848K, used 61361K [0x0000000082000000, 0x0000000100000000)
  region size 1024K, 21 young (21504K), 3 survivors (3072K)
 Metaspace       used 55395K, committed 55616K, reserved 1105920K
  class space    used 6500K, committed 6592K, reserved 1048576K
}
Event: 9.820 GC heap after
{Heap after GC invocations=19 (full 0):
 garbage-first heap   total 78848K, used 46405K [0x0000000082000000, 0x0000000100000000)
  region size 1024K, 3 young (3072K), 3 survivors (3072K)
 Metaspace       used 55395K, committed 55616K, reserved 1105920K
  class space    used 6500K, committed 6592K, reserved 1048576K
}
Event: 10.151 GC heap before
{Heap before GC invocations=20 (full 0):
 garbage-first heap   total 83968K, used 61765K [0x0000000082000000, 0x0000000100000000)
  region size 1024K, 18 young (18432K), 3 survivors (3072K)
 Metaspace       used 55431K, committed 55616K, reserved 1105920K
  class space    used 6504K, committed 6592K, reserved 1048576K
}
Event: 10.163 GC heap after
{Heap after GC invocations=21 (full 0):
 garbage-first heap   total 83968K, used 49690K [0x0000000082000000, 0x0000000100000000)
  region size 1024K, 3 young (3072K), 3 survivors (3072K)
 Metaspace       used 55431K, committed 55616K, reserved 1105920K
  class space    used 6504K, committed 6592K, reserved 1048576K
}
Event: 10.391 GC heap before
{Heap before GC invocations=21 (full 0):
 garbage-first heap   total 83968K, used 66074K [0x0000000082000000, 0x0000000100000000)
  region size 1024K, 19 young (19456K), 3 survivors (3072K)
 Metaspace       used 55632K, committed 55872K, reserved 1105920K
  class space    used 6525K, committed 6656K, reserved 1048576K
}
Event: 10.400 GC heap after
{Heap after GC invocations=22 (full 0):
 garbage-first heap   total 83968K, used 51059K [0x0000000082000000, 0x0000000100000000)
  region size 1024K, 2 young (2048K), 2 survivors (2048K)
 Metaspace       used 55632K, committed 55872K, reserved 1105920K
  class space    used 6525K, committed 6656K, reserved 1048576K
}
Event: 10.639 GC heap before
{Heap before GC invocations=23 (full 0):
 garbage-first heap   total 96256K, used 66419K [0x0000000082000000, 0x0000000100000000)
  region size 1024K, 17 young (17408K), 2 survivors (2048K)
 Metaspace       used 55632K, committed 55872K, reserved 1105920K
  class space    used 6525K, committed 6656K, reserved 1048576K
}
Event: 10.643 GC heap after
{Heap after GC invocations=24 (full 0):
 garbage-first heap   total 96256K, used 50928K [0x0000000082000000, 0x0000000100000000)
  region size 1024K, 2 young (2048K), 2 survivors (2048K)
 Metaspace       used 55632K, committed 55872K, reserved 1105920K
  class space    used 6525K, committed 6656K, reserved 1048576K
}
Event: 10.653 GC heap before
{Heap before GC invocations=24 (full 0):
 garbage-first heap   total 96256K, used 52976K [0x0000000082000000, 0x0000000100000000)
  region size 1024K, 4 young (4096K), 2 survivors (2048K)
 Metaspace       used 55632K, committed 55872K, reserved 1105920K
  class space    used 6525K, committed 6656K, reserved 1048576K
}
Event: 10.658 GC heap after
{Heap after GC invocations=25 (full 0):
 garbage-first heap   total 96256K, used 50199K [0x0000000082000000, 0x0000000100000000)
  region size 1024K, 1 young (1024K), 1 survivors (1024K)
 Metaspace       used 55632K, committed 55872K, reserved 1105920K
  class space    used 6525K, committed 6656K, reserved 1048576K
}
Event: 10.759 GC heap before
{Heap before GC invocations=25 (full 0):
 garbage-first heap   total 96256K, used 75799K [0x0000000082000000, 0x0000000100000000)
  region size 1024K, 26 young (26624K), 1 survivors (1024K)
 Metaspace       used 55632K, committed 55872K, reserved 1105920K
  class space    used 6525K, committed 6656K, reserved 1048576K
}
Event: 10.762 GC heap after
{Heap after GC invocations=26 (full 0):
 garbage-first heap   total 192512K, used 50006K [0x0000000082000000, 0x0000000100000000)
  region size 1024K, 1 young (1024K), 1 survivors (1024K)
 Metaspace       used 55632K, committed 55872K, reserved 1105920K
  class space    used 6525K, committed 6656K, reserved 1048576K
}
Event: 12.648 GC heap before
{Heap before GC invocations=27 (full 0):
 garbage-first heap   total 192512K, used 145238K [0x0000000082000000, 0x0000000100000000)
  region size 1024K, 94 young (96256K), 1 survivors (1024K)
 Metaspace       used 60997K, committed 61248K, reserved 1105920K
  class space    used 7296K, committed 7424K, reserved 1048576K
}
Event: 12.657 GC heap after
{Heap after GC invocations=28 (full 0):
 garbage-first heap   total 192512K, used 53914K [0x0000000082000000, 0x0000000100000000)
  region size 1024K, 4 young (4096K), 4 survivors (4096K)
 Metaspace       used 60997K, committed 61248K, reserved 1105920K
  class space    used 7296K, committed 7424K, reserved 1048576K
}
Event: 13.005 GC heap before
{Heap before GC invocations=28 (full 0):
 garbage-first heap   total 192512K, used 59034K [0x0000000082000000, 0x0000000100000000)
  region size 1024K, 9 young (9216K), 4 survivors (4096K)
 Metaspace       used 61528K, committed 61760K, reserved 1105920K
  class space    used 7312K, committed 7424K, reserved 1048576K
}
Event: 13.012 GC heap after
{Heap after GC invocations=29 (full 0):
 garbage-first heap   total 192512K, used 53939K [0x0000000082000000, 0x0000000100000000)
  region size 1024K, 1 young (1024K), 1 survivors (1024K)
 Metaspace       used 61528K, committed 61760K, reserved 1105920K
  class space    used 7312K, committed 7424K, reserved 1048576K
}
Event: 19.022 GC heap before
{Heap before GC invocations=29 (full 0):
 garbage-first heap   total 192512K, used 165555K [0x0000000082000000, 0x0000000100000000)
  region size 1024K, 107 young (109568K), 1 survivors (1024K)
 Metaspace       used 66865K, committed 67200K, reserved 1114112K
  class space    used 7624K, committed 7808K, reserved 1048576K
}
Event: 19.040 GC heap after
{Heap after GC invocations=30 (full 0):
 garbage-first heap   total 192512K, used 67211K [0x0000000082000000, 0x0000000100000000)
  region size 1024K, 12 young (12288K), 12 survivors (12288K)
 Metaspace       used 66865K, committed 67200K, reserved 1114112K
  class space    used 7624K, committed 7808K, reserved 1048576K
}

