# JRE version: Java(TM) SE Runtime Environment (17.0.1+12) (build 17.0.1+12-LTS-39)
# Java VM: Java HotSpot(TM) 64-Bit Server VM (17.0.1+12-LTS-39, mixed mode, sharing, tiered, compressed oops, compressed class ptrs, g1 gc, windows-amd64)
GC Precious Log:
 CPUs: 8 total, 8 available
 Memory: 8063M
 Large Page Support: Disabled
 NUMA Support: Disabled
 Compressed Oops: Enabled (32-bit)
 Heap Region Size: 1M
 Heap Min Capacity: 8M
 Heap Initial Capacity: 126M
 Heap Max Capacity: 2G
 Pre-touch: Disabled
 Parallel Workers: 8
 Concurrent Workers: 2
 Concurrent Refinement Workers: 8
 Periodic GC: Disabled
Heap:
 garbage-first heap   total 261120K, used 167331K [0x0000000080000000, 0x0000000100000000)
  region size 1024K, 12 young (12288K), 6 survivors (6144K)
 Metaspace       used 102727K, committed 103552K, reserved 1138688K
  class space    used 13629K, committed 14016K, reserved 1048576K
GC Heap History (20 events):
Event: 19.724 GC heap before
{Heap before GC invocations=34 (full 0):
 garbage-first heap   total 221184K, used 155780K [0x0000000080000000, 0x0000000100000000)
  region size 1024K, 51 young (52224K), 4 survivors (4096K)
 Metaspace       used 80305K, committed 81152K, reserved 1122304K
  class space    used 11208K, committed 11648K, reserved 1048576K
}
Event: 19.730 GC heap after
{Heap after GC invocations=35 (full 0):
 garbage-first heap   total 221184K, used 109780K [0x0000000080000000, 0x0000000100000000)
  region size 1024K, 5 young (5120K), 5 survivors (5120K)
 Metaspace       used 80305K, committed 81152K, reserved 1122304K
  class space    used 11208K, committed 11648K, reserved 1048576K
}
Event: 20.147 GC heap before
{Heap before GC invocations=36 (full 0):
 garbage-first heap   total 221184K, used 188628K [0x0000000080000000, 0x0000000100000000)
  region size 1024K, 76 young (77824K), 5 survivors (5120K)
 Metaspace       used 80490K, committed 81344K, reserved 1122304K
  class space    used 11217K, committed 11648K, reserved 1048576K
}
Event: 20.167 GC heap after
{Heap after GC invocations=37 (full 0):
 garbage-first heap   total 221184K, used 131839K [0x0000000080000000, 0x0000000100000000)
  region size 1024K, 10 young (10240K), 10 survivors (10240K)
 Metaspace       used 80490K, committed 81344K, reserved 1122304K
  class space    used 11217K, committed 11648K, reserved 1048576K
}
Event: 20.867 GC heap before
{Heap before GC invocations=37 (full 0):
 garbage-first heap   total 221184K, used 176895K [0x0000000080000000, 0x0000000100000000)
  region size 1024K, 54 young (55296K), 10 survivors (10240K)
 Metaspace       used 84029K, committed 84864K, reserved 1122304K
  class space    used 11616K, committed 12032K, reserved 1048576K
}
Event: 20.881 GC heap after
{Heap after GC invocations=38 (full 0):
 garbage-first heap   total 221184K, used 138240K [0x0000000080000000, 0x0000000100000000)
  region size 1024K, 6 young (6144K), 6 survivors (6144K)
 Metaspace       used 84029K, committed 84864K, reserved 1122304K
  class space    used 11616K, committed 12032K, reserved 1048576K
}
Event: 21.039 GC heap before
{Heap before GC invocations=39 (full 0):
 garbage-first heap   total 239616K, used 143360K [0x0000000080000000, 0x0000000100000000)
  region size 1024K, 12 young (12288K), 6 survivors (6144K)
 Metaspace       used 84598K, committed 85376K, reserved 1122304K
  class space    used 11687K, committed 12096K, reserved 1048576K
}
Event: 21.046 GC heap after
{Heap after GC invocations=40 (full 0):
 garbage-first heap   total 239616K, used 140125K [0x0000000080000000, 0x0000000100000000)
  region size 1024K, 2 young (2048K), 2 survivors (2048K)
 Metaspace       used 84598K, committed 85376K, reserved 1122304K
  class space    used 11687K, committed 12096K, reserved 1048576K
}
Event: 22.173 GC heap before
{Heap before GC invocations=41 (full 0):
 garbage-first heap   total 250880K, used 198493K [0x0000000080000000, 0x0000000100000000)
  region size 1024K, 53 young (54272K), 2 survivors (2048K)
 Metaspace       used 89968K, committed 90816K, reserved 1130496K
  class space    used 12144K, committed 12544K, reserved 1048576K
}
Event: 22.182 GC heap after
{Heap after GC invocations=42 (full 0):
 garbage-first heap   total 250880K, used 151582K [0x0000000080000000, 0x0000000100000000)
  region size 1024K, 7 young (7168K), 7 survivors (7168K)
 Metaspace       used 89968K, committed 90816K, reserved 1130496K
  class space    used 12144K, committed 12544K, reserved 1048576K
}
Event: 22.617 GC heap before
{Heap before GC invocations=42 (full 0):
 garbage-first heap   total 250880K, used 156702K [0x0000000080000000, 0x0000000100000000)
  region size 1024K, 12 young (12288K), 7 survivors (7168K)
 Metaspace       used 90574K, committed 91392K, reserved 1130496K
  class space    used 12206K, committed 12608K, reserved 1048576K
}
Event: 22.623 GC heap after
{Heap after GC invocations=43 (full 0):
 garbage-first heap   total 250880K, used 152206K [0x0000000080000000, 0x0000000100000000)
  region size 1024K, 2 young (2048K), 2 survivors (2048K)
 Metaspace       used 90574K, committed 91392K, reserved 1130496K
  class space    used 12206K, committed 12608K, reserved 1048576K
}
Event: 24.849 GC heap before
{Heap before GC invocations=43 (full 0):
 garbage-first heap   total 250880K, used 203406K [0x0000000080000000, 0x0000000100000000)
  region size 1024K, 52 young (53248K), 2 survivors (2048K)
 Metaspace       used 97280K, committed 98112K, reserved 1138688K
  class space    used 13038K, committed 13440K, reserved 1048576K
}
Event: 24.853 GC heap after
{Heap after GC invocations=44 (full 0):
 garbage-first heap   total 250880K, used 154275K [0x0000000080000000, 0x0000000100000000)
  region size 1024K, 4 young (4096K), 4 survivors (4096K)
 Metaspace       used 97280K, committed 98112K, reserved 1138688K
  class space    used 13038K, committed 13440K, reserved 1048576K
}
Event: 31.143 GC heap before
{Heap before GC invocations=45 (full 0):
 garbage-first heap   total 261120K, used 206499K [0x0000000080000000, 0x0000000100000000)
  region size 1024K, 54 young (55296K), 4 survivors (4096K)
 Metaspace       used 99703K, committed 100480K, reserved 1138688K
  class space    used 13314K, committed 13696K, reserved 1048576K
}
Event: 31.149 GC heap after
{Heap after GC invocations=46 (full 0):
 garbage-first heap   total 261120K, used 157023K [0x0000000080000000, 0x0000000100000000)
  region size 1024K, 6 young (6144K), 6 survivors (6144K)
 Metaspace       used 99703K, committed 100480K, reserved 1138688K
  class space    used 13314K, committed 13696K, reserved 1048576K
}
Event: 31.522 GC heap before
{Heap before GC invocations=46 (full 0):
 garbage-first heap   total 261120K, used 163167K [0x0000000080000000, 0x0000000100000000)
  region size 1024K, 12 young (12288K), 6 survivors (6144K)
 Metaspace       used 100453K, committed 101312K, reserved 1138688K
  class space    used 13398K, committed 13824K, reserved 1048576K
}
Event: 31.528 GC heap after
{Heap after GC invocations=47 (full 0):
 garbage-first heap   total 261120K, used 157340K [0x0000000080000000, 0x0000000100000000)
  region size 1024K, 1 young (1024K), 1 survivors (1024K)
 Metaspace       used 100453K, committed 101312K, reserved 1138688K
  class space    used 13398K, committed 13824K, reserved 1048576K
}
Event: 32.214 GC heap before
{Heap before GC invocations=47 (full 0):
 garbage-first heap   total 261120K, used 214684K [0x0000000080000000, 0x0000000100000000)
  region size 1024K, 57 young (58368K), 1 survivors (1024K)
 Metaspace       used 102002K, committed 102848K, reserved 1138688K
  class space    used 13554K, committed 13952K, reserved 1048576K
}
Event: 32.222 GC heap after
{Heap after GC invocations=48 (full 0):
 garbage-first heap   total 261120K, used 162211K [0x0000000080000000, 0x0000000100000000)
  region size 1024K, 6 young (6144K), 6 survivors (6144K)
 Metaspace       used 102002K, committed 102848K, reserved 1138688K
  class space    used 13554K, committed 13952K, reserved 1048576K
}

