# JRE version: Java(TM) SE Runtime Environment (17.0.1+12) (build 17.0.1+12-LTS-39)
# Java VM: Java HotSpot(TM) 64-Bit Server VM (17.0.1+12-LTS-39, mixed mode, sharing, tiered, compressed oops, compressed class ptrs, g1 gc, windows-amd64)
GC Precious Log:
 CPUs: 8 total, 8 available
 Memory: 8063M
 Large Page Support: Disabled
 NUMA Support: Disabled
 Compressed Oops: Enabled (32-bit)
 Heap Region Size: 1M
 Heap Min Capacity: 8M
 Heap Initial Capacity: 126M
 Heap Max Capacity: 2G
 Pre-touch: Disabled
 Parallel Workers: 8
 Concurrent Workers: 2
 Concurrent Refinement Workers: 8
 Periodic GC: Disabled
Heap:
 garbage-first heap   total 239616K, used 156429K [0x0000000080000000, 0x0000000100000000)
  region size 1024K, 11 young (11264K), 6 survivors (6144K)
 Metaspace       used 90201K, committed 91008K, reserved 1130496K
  class space    used 12166K, committed 12544K, reserved 1048576K
GC Heap History (20 events):
Event: 16.034 GC heap before
{Heap before GC invocations=33 (full 0):
 garbage-first heap   total 186368K, used 145322K [0x0000000080000000, 0x0000000100000000)
  region size 1024K, 49 young (50176K), 3 survivors (3072K)
 Metaspace       used 65307K, committed 66112K, reserved 1105920K
  class space    used 8878K, committed 9280K, reserved 1048576K
}
Event: 16.040 GC heap after
{Heap after GC invocations=34 (full 0):
 garbage-first heap   total 186368K, used 101238K [0x0000000080000000, 0x0000000100000000)
  region size 1024K, 6 young (6144K), 6 survivors (6144K)
 Metaspace       used 65307K, committed 66112K, reserved 1105920K
  class space    used 8878K, committed 9280K, reserved 1048576K
}
Event: 16.845 GC heap before
{Heap before GC invocations=35 (full 0):
 garbage-first heap   total 186368K, used 146294K [0x0000000080000000, 0x0000000100000000)
  region size 1024K, 51 young (52224K), 6 survivors (6144K)
 Metaspace       used 69002K, committed 69760K, reserved 1114112K
  class space    used 9349K, committed 9728K, reserved 1048576K
}
Event: 16.852 GC heap after
{Heap after GC invocations=36 (full 0):
 garbage-first heap   total 186368K, used 104359K [0x0000000080000000, 0x0000000100000000)
  region size 1024K, 7 young (7168K), 7 survivors (7168K)
 Metaspace       used 69002K, committed 69760K, reserved 1114112K
  class space    used 9349K, committed 9728K, reserved 1048576K
}
Event: 17.262 GC heap before
{Heap before GC invocations=36 (full 0):
 garbage-first heap   total 186368K, used 123815K [0x0000000080000000, 0x0000000100000000)
  region size 1024K, 27 young (27648K), 7 survivors (7168K)
 Metaspace       used 72140K, committed 72960K, reserved 1114112K
  class space    used 9728K, committed 10112K, reserved 1048576K
}
Event: 17.270 GC heap after
{Heap after GC invocations=37 (full 0):
 garbage-first heap   total 186368K, used 104891K [0x0000000080000000, 0x0000000100000000)
  region size 1024K, 4 young (4096K), 4 survivors (4096K)
 Metaspace       used 72140K, committed 72960K, reserved 1114112K
  class space    used 9728K, committed 10112K, reserved 1048576K
}
Event: 18.313 GC heap before
{Heap before GC invocations=38 (full 0):
 garbage-first heap   total 193536K, used 156091K [0x0000000080000000, 0x0000000100000000)
  region size 1024K, 50 young (51200K), 4 survivors (4096K)
 Metaspace       used 80185K, committed 80960K, reserved 1122304K
  class space    used 11197K, committed 11584K, reserved 1048576K
}
Event: 18.318 GC heap after
{Heap after GC invocations=39 (full 0):
 garbage-first heap   total 193536K, used 110409K [0x0000000080000000, 0x0000000100000000)
  region size 1024K, 6 young (6144K), 6 survivors (6144K)
 Metaspace       used 80185K, committed 80960K, reserved 1122304K
  class space    used 11197K, committed 11584K, reserved 1048576K
}
Event: 18.321 GC heap before
{Heap before GC invocations=39 (full 0):
 garbage-first heap   total 193536K, used 110409K [0x0000000080000000, 0x0000000100000000)
  region size 1024K, 7 young (7168K), 6 survivors (6144K)
 Metaspace       used 80197K, committed 81024K, reserved 1122304K
  class space    used 11198K, committed 11584K, reserved 1048576K
}
Event: 18.326 GC heap after
{Heap after GC invocations=40 (full 0):
 garbage-first heap   total 193536K, used 110188K [0x0000000080000000, 0x0000000100000000)
  region size 1024K, 2 young (2048K), 2 survivors (2048K)
 Metaspace       used 80197K, committed 81024K, reserved 1122304K
  class space    used 11198K, committed 11584K, reserved 1048576K
}
Event: 18.747 GC heap before
{Heap before GC invocations=41 (full 0):
 garbage-first heap   total 201728K, used 169580K [0x0000000080000000, 0x0000000100000000)
  region size 1024K, 54 young (55296K), 2 survivors (2048K)
 Metaspace       used 80381K, committed 81280K, reserved 1122304K
  class space    used 11207K, committed 11648K, reserved 1048576K
}
Event: 18.762 GC heap after
{Heap after GC invocations=42 (full 0):
 garbage-first heap   total 201728K, used 125952K [0x0000000080000000, 0x0000000100000000)
  region size 1024K, 7 young (7168K), 7 survivors (7168K)
 Metaspace       used 80381K, committed 81280K, reserved 1122304K
  class space    used 11207K, committed 11648K, reserved 1048576K
}
Event: 19.031 GC heap before
{Heap before GC invocations=42 (full 0):
 garbage-first heap   total 201728K, used 163840K [0x0000000080000000, 0x0000000100000000)
  region size 1024K, 44 young (45056K), 7 survivors (7168K)
 Metaspace       used 80604K, committed 81408K, reserved 1122304K
  class space    used 11227K, committed 11648K, reserved 1048576K
}
Event: 19.045 GC heap after
{Heap after GC invocations=43 (full 0):
 garbage-first heap   total 201728K, used 136818K [0x0000000080000000, 0x0000000100000000)
  region size 1024K, 6 young (6144K), 6 survivors (6144K)
 Metaspace       used 80604K, committed 81408K, reserved 1122304K
  class space    used 11227K, committed 11648K, reserved 1048576K
}
Event: 19.550 GC heap before
{Heap before GC invocations=44 (full 0):
 garbage-first heap   total 239616K, used 164466K [0x0000000080000000, 0x0000000100000000)
  region size 1024K, 33 young (33792K), 6 survivors (6144K)
 Metaspace       used 84101K, committed 84928K, reserved 1130496K
  class space    used 11637K, committed 12032K, reserved 1048576K
}
Event: 19.556 GC heap after
{Heap after GC invocations=45 (full 0):
 garbage-first heap   total 239616K, used 139847K [0x0000000080000000, 0x0000000100000000)
  region size 1024K, 2 young (2048K), 2 survivors (2048K)
 Metaspace       used 84101K, committed 84928K, reserved 1130496K
  class space    used 11637K, committed 12032K, reserved 1048576K
}
Event: 19.690 GC heap before
{Heap before GC invocations=45 (full 0):
 garbage-first heap   total 239616K, used 155207K [0x0000000080000000, 0x0000000100000000)
  region size 1024K, 11 young (11264K), 2 survivors (2048K)
 Metaspace       used 84729K, committed 85568K, reserved 1130496K
  class space    used 11687K, committed 12096K, reserved 1048576K
}
Event: 19.693 GC heap after
{Heap after GC invocations=46 (full 0):
 garbage-first heap   total 239616K, used 147633K [0x0000000080000000, 0x0000000100000000)
  region size 1024K, 2 young (2048K), 2 survivors (2048K)
 Metaspace       used 84729K, committed 85568K, reserved 1130496K
  class space    used 11687K, committed 12096K, reserved 1048576K
}
Event: 20.340 GC heap before
{Heap before GC invocations=46 (full 0):
 garbage-first heap   total 239616K, used 192689K [0x0000000080000000, 0x0000000100000000)
  region size 1024K, 46 young (47104K), 2 survivors (2048K)
 Metaspace       used 89581K, committed 90368K, reserved 1130496K
  class space    used 12105K, committed 12480K, reserved 1048576K
}
Event: 20.346 GC heap after
{Heap after GC invocations=47 (full 0):
 garbage-first heap   total 239616K, used 152333K [0x0000000080000000, 0x0000000100000000)
  region size 1024K, 6 young (6144K), 6 survivors (6144K)
 Metaspace       used 89581K, committed 90368K, reserved 1130496K
  class space    used 12105K, committed 12480K, reserved 1048576K
}

