# JRE version: Java(TM) SE Runtime Environment (17.0.1+12) (build 17.0.1+12-LTS-39)
# Java VM: Java HotSpot(TM) 64-Bit Server VM (17.0.1+12-LTS-39, mixed mode, sharing, tiered, compressed oops, compressed class ptrs, g1 gc, windows-amd64)
GC Precious Log:
 CPUs: 8 total, 8 available
 Memory: 8063M
 Large Page Support: Disabled
 NUMA Support: Disabled
 Compressed Oops: Enabled (32-bit)
 Heap Region Size: 1M
 Heap Min Capacity: 8M
 Heap Initial Capacity: 126M
 Heap Max Capacity: 2G
 Pre-touch: Disabled
 Parallel Workers: 8
 Concurrent Workers: 2
 Concurrent Refinement Workers: 8
 Periodic GC: Disabled
Heap:
 garbage-first heap   total 204800K, used 138090K [0x0000000080000000, 0x0000000100000000)
  region size 1024K, 9 young (9216K), 6 survivors (6144K)
 Metaspace       used 81139K, committed 81920K, reserved 1122304K
  class space    used 11329K, committed 11712K, reserved 1048576K
GC Heap History (20 events):
Event: 11.928 GC heap before
{Heap before GC invocations=28 (full 0):
 garbage-first heap   total 160768K, used 95688K [0x0000000080000000, 0x0000000100000000)
  region size 1024K, 2 young (2048K), 1 survivors (1024K)
 Metaspace       used 59959K, committed 60736K, reserved 1105920K
  class space    used 8626K, committed 8960K, reserved 1048576K
}
Event: 11.931 GC heap after
{Heap after GC invocations=29 (full 0):
 garbage-first heap   total 160768K, used 96599K [0x0000000080000000, 0x0000000100000000)
  region size 1024K, 2 young (2048K), 2 survivors (2048K)
 Metaspace       used 59959K, committed 60736K, reserved 1105920K
  class space    used 8626K, committed 8960K, reserved 1048576K
}
Event: 12.035 GC heap before
{Heap before GC invocations=30 (full 0):
 garbage-first heap   total 176128K, used 104791K [0x0000000080000000, 0x0000000100000000)
  region size 1024K, 8 young (8192K), 2 survivors (2048K)
 Metaspace       used 59964K, committed 60736K, reserved 1105920K
  class space    used 8626K, committed 8960K, reserved 1048576K
}
Event: 12.039 GC heap after
{Heap after GC invocations=31 (full 0):
 garbage-first heap   total 176128K, used 100496K [0x0000000080000000, 0x0000000100000000)
  region size 1024K, 3 young (3072K), 3 survivors (3072K)
 Metaspace       used 59964K, committed 60736K, reserved 1105920K
  class space    used 8626K, committed 8960K, reserved 1048576K
}
Event: 12.631 GC heap before
{Heap before GC invocations=32 (full 0):
 garbage-first heap   total 178176K, used 127120K [0x0000000080000000, 0x0000000100000000)
  region size 1024K, 27 young (27648K), 3 survivors (3072K)
 Metaspace       used 62026K, committed 62720K, reserved 1105920K
  class space    used 8900K, committed 9216K, reserved 1048576K
}
Event: 12.634 GC heap after
{Heap after GC invocations=33 (full 0):
 garbage-first heap   total 178176K, used 100193K [0x0000000080000000, 0x0000000100000000)
  region size 1024K, 2 young (2048K), 2 survivors (2048K)
 Metaspace       used 62026K, committed 62720K, reserved 1105920K
  class space    used 8900K, committed 9216K, reserved 1048576K
}
Event: 13.109 GC heap before
{Heap before GC invocations=33 (full 0):
 garbage-first heap   total 178176K, used 128865K [0x0000000080000000, 0x0000000100000000)
  region size 1024K, 30 young (30720K), 2 survivors (2048K)
 Metaspace       used 64824K, committed 65600K, reserved 1105920K
  class space    used 9285K, committed 9664K, reserved 1048576K
}
Event: 13.113 GC heap after
{Heap after GC invocations=34 (full 0):
 garbage-first heap   total 178176K, used 101881K [0x0000000080000000, 0x0000000100000000)
  region size 1024K, 4 young (4096K), 4 survivors (4096K)
 Metaspace       used 64824K, committed 65600K, reserved 1105920K
  class space    used 9285K, committed 9664K, reserved 1048576K
}
Event: 13.599 GC heap before
{Heap before GC invocations=35 (full 0):
 garbage-first heap   total 178176K, used 130553K [0x0000000080000000, 0x0000000100000000)
  region size 1024K, 34 young (34816K), 4 survivors (4096K)
 Metaspace       used 68542K, committed 69376K, reserved 1114112K
  class space    used 9779K, committed 10176K, reserved 1048576K
}
Event: 13.603 GC heap after
{Heap after GC invocations=36 (full 0):
 garbage-first heap   total 178176K, used 100800K [0x0000000080000000, 0x0000000100000000)
  region size 1024K, 4 young (4096K), 4 survivors (4096K)
 Metaspace       used 68542K, committed 69376K, reserved 1114112K
  class space    used 9779K, committed 10176K, reserved 1048576K
}
Event: 14.175 GC heap before
{Heap before GC invocations=36 (full 0):
 garbage-first heap   total 178176K, used 135616K [0x0000000080000000, 0x0000000100000000)
  region size 1024K, 38 young (38912K), 4 survivors (4096K)
 Metaspace       used 71056K, committed 71808K, reserved 1114112K
  class space    used 10098K, committed 10496K, reserved 1048576K
}
Event: 14.181 GC heap after
{Heap after GC invocations=37 (full 0):
 garbage-first heap   total 178176K, used 103916K [0x0000000080000000, 0x0000000100000000)
  region size 1024K, 5 young (5120K), 5 survivors (5120K)
 Metaspace       used 71056K, committed 71808K, reserved 1114112K
  class space    used 10098K, committed 10496K, reserved 1048576K
}
Event: 14.971 GC heap before
{Heap before GC invocations=38 (full 0):
 garbage-first heap   total 183296K, used 134636K [0x0000000080000000, 0x0000000100000000)
  region size 1024K, 36 young (36864K), 5 survivors (5120K)
 Metaspace       used 75041K, committed 75776K, reserved 1114112K
  class space    used 10592K, committed 10944K, reserved 1048576K
}
Event: 14.977 GC heap after
{Heap after GC invocations=39 (full 0):
 garbage-first heap   total 183296K, used 105451K [0x0000000080000000, 0x0000000100000000)
  region size 1024K, 2 young (2048K), 2 survivors (2048K)
 Metaspace       used 75041K, committed 75776K, reserved 1114112K
  class space    used 10592K, committed 10944K, reserved 1048576K
}
Event: 15.944 GC heap before
{Heap before GC invocations=40 (full 0):
 garbage-first heap   total 194560K, used 146411K [0x0000000080000000, 0x0000000100000000)
  region size 1024K, 39 young (39936K), 2 survivors (2048K)
 Metaspace       used 80792K, committed 81600K, reserved 1122304K
  class space    used 11303K, committed 11712K, reserved 1048576K
}
Event: 15.950 GC heap after
{Heap after GC invocations=41 (full 0):
 garbage-first heap   total 194560K, used 110016K [0x0000000080000000, 0x0000000100000000)
  region size 1024K, 3 young (3072K), 3 survivors (3072K)
 Metaspace       used 80792K, committed 81600K, reserved 1122304K
  class space    used 11303K, committed 11712K, reserved 1048576K
}
Event: 16.484 GC heap before
{Heap before GC invocations=42 (full 0):
 garbage-first heap   total 204800K, used 161216K [0x0000000080000000, 0x0000000100000000)
  region size 1024K, 47 young (48128K), 3 survivors (3072K)
 Metaspace       used 80975K, committed 81792K, reserved 1122304K
  class space    used 11311K, committed 11712K, reserved 1048576K
}
Event: 16.497 GC heap after
{Heap after GC invocations=43 (full 0):
 garbage-first heap   total 204800K, used 123079K [0x0000000080000000, 0x0000000100000000)
  region size 1024K, 6 young (6144K), 6 survivors (6144K)
 Metaspace       used 80975K, committed 81792K, reserved 1122304K
  class space    used 11311K, committed 11712K, reserved 1048576K
}
Event: 16.756 GC heap before
{Heap before GC invocations=43 (full 0):
 garbage-first heap   total 204800K, used 161991K [0x0000000080000000, 0x0000000100000000)
  region size 1024K, 44 young (45056K), 6 survivors (6144K)
 Metaspace       used 80998K, committed 81792K, reserved 1122304K
  class space    used 11314K, committed 11712K, reserved 1048576K
}
Event: 16.772 GC heap after
{Heap after GC invocations=44 (full 0):
 garbage-first heap   total 204800K, used 136042K [0x0000000080000000, 0x0000000100000000)
  region size 1024K, 6 young (6144K), 6 survivors (6144K)
 Metaspace       used 80998K, committed 81792K, reserved 1122304K
  class space    used 11314K, committed 11712K, reserved 1048576K
}

