# JRE version: OpenJDK Runtime Environment (17.0.6) (build 17.0.6+0-b2043.56-10027231)
# Java VM: OpenJDK 64-Bit Server VM (17.0.6+0-b2043.56-10027231, mixed mode, tiered, compressed oops, compressed class ptrs, g1 gc, windows-amd64)
GC Precious Log:
 CPUs: 8 total, 8 available
 Memory: 8063M
 Large Page Support: Disabled
 NUMA Support: Disabled
 Compressed Oops: Enabled (32-bit)
 Heap Region Size: 1M
 Heap Min Capacity: 8M
 Heap Initial Capacity: 126M
 Heap Max Capacity: 2016M
 Pre-touch: Disabled
 Parallel Workers: 8
 Concurrent Workers: 2
 Concurrent Refinement Workers: 8
 Periodic GC: Disabled
Heap:
 garbage-first heap   total 195584K, used 89676K [0x0000000082000000, 0x0000000100000000)
  region size 1024K, 3 young (3072K), 3 survivors (3072K)
 Metaspace       used 87765K, committed 88064K, reserved 1130496K
  class space    used 9571K, committed 9728K, reserved 1048576K
GC Heap History (20 events):
Event: 9.372 GC heap after
{Heap after GC invocations=22 (full 0):
 garbage-first heap   total 195584K, used 49074K [0x0000000082000000, 0x0000000100000000)
  region size 1024K, 1 young (1024K), 1 survivors (1024K)
 Metaspace       used 55679K, committed 55936K, reserved 1105920K
  class space    used 6523K, committed 6656K, reserved 1048576K
}
Event: 14.047 GC heap before
{Heap before GC invocations=22 (full 0):
 garbage-first heap   total 195584K, used 162738K [0x0000000082000000, 0x0000000100000000)
  region size 1024K, 111 young (113664K), 1 survivors (1024K)
 Metaspace       used 64714K, committed 65024K, reserved 1114112K
  class space    used 7456K, committed 7616K, reserved 1048576K
}
Event: 14.064 GC heap after
{Heap after GC invocations=23 (full 0):
 garbage-first heap   total 195584K, used 60906K [0x0000000082000000, 0x0000000100000000)
  region size 1024K, 13 young (13312K), 13 survivors (13312K)
 Metaspace       used 64714K, committed 65024K, reserved 1114112K
  class space    used 7456K, committed 7616K, reserved 1048576K
}
Event: 15.509 GC heap before
{Heap before GC invocations=23 (full 0):
 garbage-first heap   total 195584K, used 93674K [0x0000000082000000, 0x0000000100000000)
  region size 1024K, 46 young (47104K), 13 survivors (13312K)
 Metaspace       used 66376K, committed 66688K, reserved 1114112K
  class space    used 7586K, committed 7744K, reserved 1048576K
}
Event: 15.527 GC heap after
{Heap after GC invocations=24 (full 0):
 garbage-first heap   total 195584K, used 63814K [0x0000000082000000, 0x0000000100000000)
  region size 1024K, 3 young (3072K), 3 survivors (3072K)
 Metaspace       used 66376K, committed 66688K, reserved 1114112K
  class space    used 7586K, committed 7744K, reserved 1048576K
}
Event: 19.215 GC heap before
{Heap before GC invocations=25 (full 0):
 garbage-first heap   total 195584K, used 153926K [0x0000000082000000, 0x0000000100000000)
  region size 1024K, 89 young (91136K), 3 survivors (3072K)
 Metaspace       used 72749K, committed 73088K, reserved 1114112K
  class space    used 8194K, committed 8384K, reserved 1048576K
}
Event: 19.241 GC heap after
{Heap after GC invocations=26 (full 0):
 garbage-first heap   total 195584K, used 77824K [0x0000000082000000, 0x0000000100000000)
  region size 1024K, 12 young (12288K), 12 survivors (12288K)
 Metaspace       used 72749K, committed 73088K, reserved 1114112K
  class space    used 8194K, committed 8384K, reserved 1048576K
}
Event: 19.264 GC heap before
{Heap before GC invocations=26 (full 0):
 garbage-first heap   total 195584K, used 78848K [0x0000000082000000, 0x0000000100000000)
  region size 1024K, 13 young (13312K), 12 survivors (12288K)
 Metaspace       used 72752K, committed 73088K, reserved 1114112K
  class space    used 8195K, committed 8384K, reserved 1048576K
}
Event: 19.289 GC heap after
{Heap after GC invocations=27 (full 0):
 garbage-first heap   total 195584K, used 79748K [0x0000000082000000, 0x0000000100000000)
  region size 1024K, 2 young (2048K), 2 survivors (2048K)
 Metaspace       used 72752K, committed 73088K, reserved 1114112K
  class space    used 8195K, committed 8384K, reserved 1048576K
}
Event: 22.907 GC heap before
{Heap before GC invocations=27 (full 0):
 garbage-first heap   total 195584K, used 152452K [0x0000000082000000, 0x0000000100000000)
  region size 1024K, 73 young (74752K), 2 survivors (2048K)
 Metaspace       used 81026K, committed 81408K, reserved 1122304K
  class space    used 9052K, committed 9216K, reserved 1048576K
}
Event: 22.929 GC heap after
{Heap after GC invocations=28 (full 0):
 garbage-first heap   total 195584K, used 86443K [0x0000000082000000, 0x0000000100000000)
  region size 1024K, 9 young (9216K), 9 survivors (9216K)
 Metaspace       used 81026K, committed 81408K, reserved 1122304K
  class space    used 9052K, committed 9216K, reserved 1048576K
}
Event: 24.723 GC heap before
{Heap before GC invocations=28 (full 0):
 garbage-first heap   total 195584K, used 151979K [0x0000000082000000, 0x0000000100000000)
  region size 1024K, 73 young (74752K), 9 survivors (9216K)
 Metaspace       used 82564K, committed 82944K, reserved 1130496K
  class space    used 9167K, committed 9344K, reserved 1048576K
}
Event: 24.741 GC heap after
{Heap after GC invocations=29 (full 0):
 garbage-first heap   total 195584K, used 88886K [0x0000000082000000, 0x0000000100000000)
  region size 1024K, 3 young (3072K), 3 survivors (3072K)
 Metaspace       used 82564K, committed 82944K, reserved 1130496K
  class space    used 9167K, committed 9344K, reserved 1048576K
}
Event: 25.348 GC heap before
{Heap before GC invocations=29 (full 0):
 garbage-first heap   total 195584K, used 154422K [0x0000000082000000, 0x0000000100000000)
  region size 1024K, 67 young (68608K), 3 survivors (3072K)
 Metaspace       used 82845K, committed 83200K, reserved 1130496K
  class space    used 9170K, committed 9344K, reserved 1048576K
}
Event: 25.359 GC heap after
{Heap after GC invocations=30 (full 0):
 garbage-first heap   total 195584K, used 89716K [0x0000000082000000, 0x0000000100000000)
  region size 1024K, 4 young (4096K), 4 survivors (4096K)
 Metaspace       used 82845K, committed 83200K, reserved 1130496K
  class space    used 9170K, committed 9344K, reserved 1048576K
}
Event: 26.010 GC heap before
{Heap before GC invocations=31 (full 0):
 garbage-first heap   total 195584K, used 155252K [0x0000000082000000, 0x0000000100000000)
  region size 1024K, 70 young (71680K), 4 survivors (4096K)
 Metaspace       used 82925K, committed 83264K, reserved 1130496K
  class space    used 9171K, committed 9344K, reserved 1048576K
}
Event: 26.029 GC heap after
{Heap after GC invocations=32 (full 0):
 garbage-first heap   total 195584K, used 88984K [0x0000000082000000, 0x0000000100000000)
  region size 1024K, 5 young (5120K), 5 survivors (5120K)
 Metaspace       used 82925K, committed 83264K, reserved 1130496K
  class space    used 9171K, committed 9344K, reserved 1048576K
}
Event: 26.050 GC heap before
{Heap before GC invocations=32 (full 0):
 garbage-first heap   total 195584K, used 93080K [0x0000000082000000, 0x0000000100000000)
  region size 1024K, 9 young (9216K), 5 survivors (5120K)
 Metaspace       used 82927K, committed 83264K, reserved 1130496K
  class space    used 9171K, committed 9344K, reserved 1048576K
}
Event: 26.062 GC heap after
{Heap after GC invocations=33 (full 0):
 garbage-first heap   total 195584K, used 87707K [0x0000000082000000, 0x0000000100000000)
  region size 1024K, 1 young (1024K), 1 survivors (1024K)
 Metaspace       used 82927K, committed 83264K, reserved 1130496K
  class space    used 9171K, committed 9344K, reserved 1048576K
}
Event: 27.961 GC heap before
{Heap before GC invocations=33 (full 0):
 garbage-first heap   total 195584K, used 159387K [0x0000000082000000, 0x0000000100000000)
  region size 1024K, 71 young (72704K), 1 survivors (1024K)
 Metaspace       used 87765K, committed 88064K, reserved 1130496K
  class space    used 9571K, committed 9728K, reserved 1048576K
}

