# JRE version: OpenJDK Runtime Environment (21.0+35) (build 21+35-2513)
# Java VM: OpenJDK 64-Bit Server VM (21+35-2513, mixed mode, sharing, tiered, compressed oops, compressed class ptrs, g1 gc, windows-amd64)
GC Precious Log:
 CardTable entry size: 512
 Card Set container configuration: InlinePtr #cards 5 size 8 Array Of Cards #cards 12 size 40 Howl #buckets 4 coarsen threshold 1843 Howl Bitmap #cards 512 size 80 coarsen threshold 460 Card regions per heap region 1 cards per card region 2048
 CPUs: 8 total, 8 available
 Memory: 8063M
 Large Page Support: Disabled
 NUMA Support: Disabled
 Compressed Oops: Enabled (32-bit)
 Heap Region Size: 1M
 Heap Min Capacity: 8M
 Heap Initial Capacity: 126M
 Heap Max Capacity: 2G
 Pre-touch: Disabled
 Parallel Workers: 8
 Concurrent Workers: 2
 Concurrent Refinement Workers: 8
 Periodic GC: Disabled
Heap:
 garbage-first heap   total 199680K, used 169471K [0x0000000080000000, 0x0000000100000000)
  region size 1024K, 11 young (11264K), 4 survivors (4096K)
 Metaspace       used 88010K, committed 90112K, reserved 1179648K
  class space    used 12136K, committed 13184K, reserved 1048576K
GC Heap History (20 events):
Event: 8.063 GC heap before
{Heap before GC invocations=15 (full 0):
 garbage-first heap   total 126976K, used 80707K [0x0000000080000000, 0x0000000100000000)
  region size 1024K, 12 young (12288K), 6 survivors (6144K)
 Metaspace       used 48758K, committed 50496K, reserved 1114112K
  class space    used 6892K, committed 7744K, reserved 1048576K
}
Event: 8.069 GC heap after
{Heap after GC invocations=16 (full 0):
 garbage-first heap   total 152576K, used 77004K [0x0000000080000000, 0x0000000100000000)
  region size 1024K, 4 young (4096K), 4 survivors (4096K)
 Metaspace       used 48758K, committed 50496K, reserved 1114112K
  class space    used 6892K, committed 7744K, reserved 1048576K
}
Event: 9.096 GC heap before
{Heap before GC invocations=17 (full 0):
 garbage-first heap   total 152576K, used 146636K [0x0000000080000000, 0x0000000100000000)
  region size 1024K, 62 young (63488K), 4 survivors (4096K)
 Metaspace       used 56154K, committed 57856K, reserved 1114112K
  class space    used 7792K, committed 8640K, reserved 1048576K
}
Event: 9.105 GC heap after
{Heap after GC invocations=18 (full 0):
 garbage-first heap   total 158720K, used 93667K [0x0000000080000000, 0x0000000100000000)
  region size 1024K, 8 young (8192K), 8 survivors (8192K)
 Metaspace       used 56154K, committed 57856K, reserved 1114112K
  class space    used 7792K, committed 8640K, reserved 1048576K
}
Event: 9.921 GC heap before
{Heap before GC invocations=18 (full 0):
 garbage-first heap   total 158720K, used 146915K [0x0000000080000000, 0x0000000100000000)
  region size 1024K, 54 young (55296K), 8 survivors (8192K)
 Metaspace       used 61941K, committed 63936K, reserved 1114112K
  class space    used 8532K, committed 9536K, reserved 1048576K
}
Event: 9.936 GC heap after
{Heap after GC invocations=19 (full 0):
 garbage-first heap   total 163840K, used 99056K [0x0000000080000000, 0x0000000100000000)
  region size 1024K, 6 young (6144K), 6 survivors (6144K)
 Metaspace       used 61941K, committed 63936K, reserved 1114112K
  class space    used 8532K, committed 9536K, reserved 1048576K
}
Event: 10.869 GC heap before
{Heap before GC invocations=19 (full 0):
 garbage-first heap   total 163840K, used 148208K [0x0000000080000000, 0x0000000100000000)
  region size 1024K, 54 young (55296K), 6 survivors (6144K)
 Metaspace       used 67178K, committed 69120K, reserved 1114112K
  class space    used 9240K, committed 10240K, reserved 1048576K
}
Event: 10.876 GC heap after
{Heap after GC invocations=20 (full 0):
 garbage-first heap   total 163840K, used 101865K [0x0000000080000000, 0x0000000100000000)
  region size 1024K, 4 young (4096K), 4 survivors (4096K)
 Metaspace       used 67178K, committed 69120K, reserved 1114112K
  class space    used 9240K, committed 10240K, reserved 1048576K
}
Event: 11.656 GC heap before
{Heap before GC invocations=21 (full 0):
 garbage-first heap   total 178176K, used 146921K [0x0000000080000000, 0x0000000100000000)
  region size 1024K, 49 young (50176K), 4 survivors (4096K)
 Metaspace       used 71682K, committed 73664K, reserved 1114112K
  class space    used 9811K, committed 10816K, reserved 1048576K
}
Event: 11.664 GC heap after
{Heap after GC invocations=22 (full 0):
 garbage-first heap   total 178176K, used 106196K [0x0000000080000000, 0x0000000100000000)
  region size 1024K, 7 young (7168K), 7 survivors (7168K)
 Metaspace       used 71682K, committed 73664K, reserved 1114112K
  class space    used 9811K, committed 10816K, reserved 1048576K
}
Event: 12.636 GC heap before
{Heap before GC invocations=22 (full 0):
 garbage-first heap   total 178176K, used 160468K [0x0000000080000000, 0x0000000100000000)
  region size 1024K, 60 young (61440K), 7 survivors (7168K)
 Metaspace       used 77097K, committed 79040K, reserved 1179648K
  class space    used 10710K, committed 11712K, reserved 1048576K
}
Event: 12.646 GC heap after
{Heap after GC invocations=23 (full 0):
 garbage-first heap   total 178176K, used 109404K [0x0000000080000000, 0x0000000100000000)
  region size 1024K, 4 young (4096K), 4 survivors (4096K)
 Metaspace       used 77097K, committed 79040K, reserved 1179648K
  class space    used 10710K, committed 11712K, reserved 1048576K
}
Event: 13.515 GC heap before
{Heap before GC invocations=23 (full 0):
 garbage-first heap   total 178176K, used 156508K [0x0000000080000000, 0x0000000100000000)
  region size 1024K, 52 young (53248K), 4 survivors (4096K)
 Metaspace       used 81862K, committed 83840K, reserved 1179648K
  class space    used 11348K, committed 12352K, reserved 1048576K
}
Event: 13.524 GC heap after
{Heap after GC invocations=24 (full 0):
 garbage-first heap   total 178176K, used 114688K [0x0000000080000000, 0x0000000100000000)
  region size 1024K, 7 young (7168K), 7 survivors (7168K)
 Metaspace       used 81862K, committed 83840K, reserved 1179648K
  class space    used 11348K, committed 12352K, reserved 1048576K
}
Event: 15.176 GC heap before
{Heap before GC invocations=25 (full 0):
 garbage-first heap   total 196608K, used 182272K [0x0000000080000000, 0x0000000100000000)
  region size 1024K, 51 young (52224K), 7 survivors (7168K)
 Metaspace       used 86681K, committed 88768K, reserved 1179648K
  class space    used 11960K, committed 12992K, reserved 1048576K
}
Event: 15.185 GC heap after
{Heap after GC invocations=26 (full 0):
 garbage-first heap   total 198656K, used 145013K [0x0000000080000000, 0x0000000100000000)
  region size 1024K, 7 young (7168K), 7 survivors (7168K)
 Metaspace       used 86681K, committed 88768K, reserved 1179648K
  class space    used 11960K, committed 12992K, reserved 1048576K
}
Event: 15.615 GC heap before
{Heap before GC invocations=26 (full 0):
 garbage-first heap   total 198656K, used 183925K [0x0000000080000000, 0x0000000100000000)
  region size 1024K, 41 young (41984K), 7 survivors (7168K)
 Metaspace       used 88002K, committed 90112K, reserved 1179648K
  class space    used 12136K, committed 13184K, reserved 1048576K
}
Event: 15.627 GC heap after
{Heap after GC invocations=27 (full 0):
 garbage-first heap   total 199680K, used 155363K [0x0000000080000000, 0x0000000100000000)
  region size 1024K, 6 young (6144K), 6 survivors (6144K)
 Metaspace       used 88002K, committed 90112K, reserved 1179648K
  class space    used 12136K, committed 13184K, reserved 1048576K
}
Event: 15.749 GC heap before
{Heap before GC invocations=27 (full 0):
 garbage-first heap   total 199680K, used 181987K [0x0000000080000000, 0x0000000100000000)
  region size 1024K, 32 young (32768K), 6 survivors (6144K)
 Metaspace       used 88002K, committed 90112K, reserved 1179648K
  class space    used 12136K, committed 13184K, reserved 1048576K
}
Event: 15.761 GC heap after
{Heap after GC invocations=28 (full 0):
 garbage-first heap   total 199680K, used 164351K [0x0000000080000000, 0x0000000100000000)
  region size 1024K, 4 young (4096K), 4 survivors (4096K)
 Metaspace       used 88002K, committed 90112K, reserved 1179648K
  class space    used 12136K, committed 13184K, reserved 1048576K
}

