# JRE version: OpenJDK Runtime Environment (21.0+35) (build 21+35-2513)
# Java VM: OpenJDK 64-Bit Server VM (21+35-2513, mixed mode, sharing, tiered, compressed oops, compressed class ptrs, g1 gc, windows-amd64)
GC Precious Log:
 CardTable entry size: 512
 Card Set container configuration: InlinePtr #cards 5 size 8 Array Of Cards #cards 12 size 40 Howl #buckets 4 coarsen threshold 1843 Howl Bitmap #cards 512 size 80 coarsen threshold 460 Card regions per heap region 1 cards per card region 2048
 CPUs: 8 total, 8 available
 Memory: 8063M
 Large Page Support: Disabled
 NUMA Support: Disabled
 Compressed Oops: Enabled (32-bit)
 Heap Region Size: 1M
 Heap Min Capacity: 8M
 Heap Initial Capacity: 126M
 Heap Max Capacity: 2G
 Pre-touch: Disabled
 Parallel Workers: 8
 Concurrent Workers: 2
 Concurrent Refinement Workers: 8
 Periodic GC: Disabled
Heap:
 garbage-first heap   total 278528K, used 169104K [0x0000000080000000, 0x0000000100000000)
  region size 1024K, 12 young (12288K), 7 survivors (7168K)
 Metaspace       used 149591K, committed 152128K, reserved 1245184K
  class space    used 19534K, committed 20864K, reserved 1048576K
GC Heap History (20 events):
Event: 18.367 GC heap before
{Heap before GC invocations=34 (full 0):
 garbage-first heap   total 193536K, used 167471K [0x0000000080000000, 0x0000000100000000)
  region size 1024K, 50 young (51200K), 3 survivors (3072K)
 Metaspace       used 119124K, committed 121344K, reserved 1179648K
  class space    used 15455K, committed 16576K, reserved 1048576K
}
Event: 18.373 GC heap after
{Heap after GC invocations=35 (full 0):
 garbage-first heap   total 193536K, used 117903K [0x0000000080000000, 0x0000000100000000)
  region size 1024K, 7 young (7168K), 7 survivors (7168K)
 Metaspace       used 119124K, committed 121344K, reserved 1179648K
  class space    used 15455K, committed 16576K, reserved 1048576K
}
Event: 19.308 GC heap before
{Heap before GC invocations=35 (full 0):
 garbage-first heap   total 193536K, used 175247K [0x0000000080000000, 0x0000000100000000)
  region size 1024K, 63 young (64512K), 7 survivors (7168K)
 Metaspace       used 124506K, committed 126848K, reserved 1179648K
  class space    used 16170K, committed 17344K, reserved 1048576K
}
Event: 19.323 GC heap after
{Heap after GC invocations=36 (full 0):
 garbage-first heap   total 193536K, used 109129K [0x0000000080000000, 0x0000000100000000)
  region size 1024K, 6 young (6144K), 6 survivors (6144K)
 Metaspace       used 124506K, committed 126848K, reserved 1179648K
  class space    used 16170K, committed 17344K, reserved 1048576K
}
Event: 19.961 GC heap before
{Heap before GC invocations=36 (full 0):
 garbage-first heap   total 193536K, used 173641K [0x0000000080000000, 0x0000000100000000)
  region size 1024K, 69 young (70656K), 6 survivors (6144K)
 Metaspace       used 124634K, committed 126912K, reserved 1179648K
  class space    used 16174K, committed 17344K, reserved 1048576K
}
Event: 19.987 GC heap after
{Heap after GC invocations=37 (full 0):
 garbage-first heap   total 197632K, used 126384K [0x0000000080000000, 0x0000000100000000)
  region size 1024K, 9 young (9216K), 9 survivors (9216K)
 Metaspace       used 124634K, committed 126912K, reserved 1179648K
  class space    used 16174K, committed 17344K, reserved 1048576K
}
Event: 20.582 GC heap before
{Heap before GC invocations=38 (full 0):
 garbage-first heap   total 225280K, used 173488K [0x0000000080000000, 0x0000000100000000)
  region size 1024K, 54 young (55296K), 9 survivors (9216K)
 Metaspace       used 124771K, committed 127040K, reserved 1179648K
  class space    used 16174K, committed 17344K, reserved 1048576K
}
Event: 20.597 GC heap after
{Heap after GC invocations=39 (full 0):
 garbage-first heap   total 225280K, used 136753K [0x0000000080000000, 0x0000000100000000)
  region size 1024K, 7 young (7168K), 7 survivors (7168K)
 Metaspace       used 124771K, committed 127040K, reserved 1179648K
  class space    used 16174K, committed 17344K, reserved 1048576K
}
Event: 21.080 GC heap before
{Heap before GC invocations=39 (full 0):
 garbage-first heap   total 225280K, used 195121K [0x0000000080000000, 0x0000000100000000)
  region size 1024K, 64 young (65536K), 7 survivors (7168K)
 Metaspace       used 124874K, committed 127168K, reserved 1179648K
  class space    used 16174K, committed 17344K, reserved 1048576K
}
Event: 21.090 GC heap after
{Heap after GC invocations=40 (full 0):
 garbage-first heap   total 225280K, used 139332K [0x0000000080000000, 0x0000000100000000)
  region size 1024K, 6 young (6144K), 6 survivors (6144K)
 Metaspace       used 124874K, committed 127168K, reserved 1179648K
  class space    used 16174K, committed 17344K, reserved 1048576K
}
Event: 22.093 GC heap before
{Heap before GC invocations=40 (full 0):
 garbage-first heap   total 225280K, used 197700K [0x0000000080000000, 0x0000000100000000)
  region size 1024K, 63 young (64512K), 6 survivors (6144K)
 Metaspace       used 126971K, committed 129280K, reserved 1179648K
  class space    used 16309K, committed 17472K, reserved 1048576K
}
Event: 22.104 GC heap after
{Heap after GC invocations=41 (full 0):
 garbage-first heap   total 270336K, used 146388K [0x0000000080000000, 0x0000000100000000)
  region size 1024K, 7 young (7168K), 7 survivors (7168K)
 Metaspace       used 126971K, committed 129280K, reserved 1179648K
  class space    used 16309K, committed 17472K, reserved 1048576K
}
Event: 24.054 GC heap before
{Heap before GC invocations=42 (full 0):
 garbage-first heap   total 270336K, used 235476K [0x0000000080000000, 0x0000000100000000)
  region size 1024K, 93 young (95232K), 7 survivors (7168K)
 Metaspace       used 136412K, committed 138816K, reserved 1179648K
  class space    used 17794K, committed 19008K, reserved 1048576K
}
Event: 24.078 GC heap after
{Heap after GC invocations=43 (full 0):
 garbage-first heap   total 270336K, used 146569K [0x0000000080000000, 0x0000000100000000)
  region size 1024K, 7 young (7168K), 7 survivors (7168K)
 Metaspace       used 136412K, committed 138816K, reserved 1179648K
  class space    used 17794K, committed 19008K, reserved 1048576K
}
Event: 25.643 GC heap before
{Heap before GC invocations=43 (full 0):
 garbage-first heap   total 270336K, used 239753K [0x0000000080000000, 0x0000000100000000)
  region size 1024K, 98 young (100352K), 7 survivors (7168K)
 Metaspace       used 143520K, committed 145984K, reserved 1179648K
  class space    used 18781K, committed 20032K, reserved 1048576K
}
Event: 25.669 GC heap after
{Heap after GC invocations=44 (full 0):
 garbage-first heap   total 270336K, used 152727K [0x0000000080000000, 0x0000000100000000)
  region size 1024K, 13 young (13312K), 13 survivors (13312K)
 Metaspace       used 143520K, committed 145984K, reserved 1179648K
  class space    used 18781K, committed 20032K, reserved 1048576K
}
Event: 26.091 GC heap before
{Heap before GC invocations=44 (full 0):
 garbage-first heap   total 270336K, used 191639K [0x0000000080000000, 0x0000000100000000)
  region size 1024K, 53 young (54272K), 13 survivors (13312K)
 Metaspace       used 144458K, committed 146880K, reserved 1179648K
  class space    used 18851K, committed 20096K, reserved 1048576K
}
Event: 26.118 GC heap after
{Heap after GC invocations=45 (full 0):
 garbage-first heap   total 270336K, used 162648K [0x0000000080000000, 0x0000000100000000)
  region size 1024K, 9 young (9216K), 9 survivors (9216K)
 Metaspace       used 144458K, committed 146880K, reserved 1179648K
  class space    used 18851K, committed 20096K, reserved 1048576K
}
Event: 28.347 GC heap before
{Heap before GC invocations=46 (full 0):
 garbage-first heap   total 278528K, used 235352K [0x0000000080000000, 0x0000000100000000)
  region size 1024K, 84 young (86016K), 9 survivors (9216K)
 Metaspace       used 148619K, committed 151168K, reserved 1179648K
  class space    used 19408K, committed 20736K, reserved 1048576K
}
Event: 28.365 GC heap after
{Heap after GC invocations=47 (full 0):
 garbage-first heap   total 278528K, used 165008K [0x0000000080000000, 0x0000000100000000)
  region size 1024K, 7 young (7168K), 7 survivors (7168K)
 Metaspace       used 148619K, committed 151168K, reserved 1179648K
  class space    used 19408K, committed 20736K, reserved 1048576K
}

