# JRE version: Java(TM) SE Runtime Environment (17.0.1+12) (build 17.0.1+12-LTS-39)
# Java VM: Java HotSpot(TM) 64-Bit Server VM (17.0.1+12-LTS-39, mixed mode, sharing, tiered, compressed oops, compressed class ptrs, g1 gc, windows-amd64)
GC Precious Log:
 CPUs: 8 total, 8 available
 Memory: 8063M
 Large Page Support: Disabled
 NUMA Support: Disabled
 Compressed Oops: Enabled (32-bit)
 Heap Region Size: 1M
 Heap Min Capacity: 8M
 Heap Initial Capacity: 126M
 Heap Max Capacity: 2G
 Pre-touch: Disabled
 Parallel Workers: 8
 Concurrent Workers: 2
 Concurrent Refinement Workers: 8
 Periodic GC: Disabled
Heap:
 garbage-first heap   total 186368K, used 101875K [0x0000000080000000, 0x0000000100000000)
  region size 1024K, 5 young (5120K), 5 survivors (5120K)
 Metaspace       used 64657K, committed 65408K, reserved 1105920K
  class space    used 8788K, committed 9152K, reserved 1048576K
GC Heap History (20 events):
Event: 6.681 GC heap after
{Heap after GC invocations=12 (full 0):
 garbage-first heap   total 155648K, used 69661K [0x0000000080000000, 0x0000000100000000)
  region size 1024K, 7 young (7168K), 7 survivors (7168K)
 Metaspace       used 40711K, committed 41280K, reserved 1089536K
  class space    used 5646K, committed 5888K, reserved 1048576K
}
Event: 7.518 GC heap before
{Heap before GC invocations=12 (full 0):
 garbage-first heap   total 155648K, used 117789K [0x0000000080000000, 0x0000000100000000)
  region size 1024K, 54 young (55296K), 7 survivors (7168K)
 Metaspace       used 45168K, committed 45760K, reserved 1089536K
  class space    used 6318K, committed 6592K, reserved 1048576K
}
Event: 7.525 GC heap after
{Heap after GC invocations=13 (full 0):
 garbage-first heap   total 155648K, used 73948K [0x0000000080000000, 0x0000000100000000)
  region size 1024K, 5 young (5120K), 5 survivors (5120K)
 Metaspace       used 45168K, committed 45760K, reserved 1089536K
  class space    used 6318K, committed 6592K, reserved 1048576K
}
Event: 7.839 GC heap before
{Heap before GC invocations=13 (full 0):
 garbage-first heap   total 155648K, used 93404K [0x0000000080000000, 0x0000000100000000)
  region size 1024K, 26 young (26624K), 5 survivors (5120K)
 Metaspace       used 45510K, committed 46144K, reserved 1089536K
  class space    used 6342K, committed 6656K, reserved 1048576K
}
Event: 7.843 GC heap after
{Heap after GC invocations=14 (full 0):
 garbage-first heap   total 155648K, used 74980K [0x0000000080000000, 0x0000000100000000)
  region size 1024K, 2 young (2048K), 2 survivors (2048K)
 Metaspace       used 45510K, committed 46144K, reserved 1089536K
  class space    used 6342K, committed 6656K, reserved 1048576K
}
Event: 7.923 GC heap before
{Heap before GC invocations=15 (full 0):
 garbage-first heap   total 155648K, used 84196K [0x0000000080000000, 0x0000000100000000)
  region size 1024K, 8 young (8192K), 2 survivors (2048K)
 Metaspace       used 45582K, committed 46208K, reserved 1089536K
  class space    used 6351K, committed 6656K, reserved 1048576K
}
Event: 7.926 GC heap after
{Heap after GC invocations=16 (full 0):
 garbage-first heap   total 155648K, used 82819K [0x0000000080000000, 0x0000000100000000)
  region size 1024K, 5 young (5120K), 5 survivors (5120K)
 Metaspace       used 45582K, committed 46208K, reserved 1089536K
  class space    used 6351K, committed 6656K, reserved 1048576K
}
Event: 7.984 GC heap before
{Heap before GC invocations=17 (full 0):
 garbage-first heap   total 155648K, used 88963K [0x0000000080000000, 0x0000000100000000)
  region size 1024K, 9 young (9216K), 5 survivors (5120K)
 Metaspace       used 45855K, committed 46464K, reserved 1089536K
  class space    used 6400K, committed 6656K, reserved 1048576K
}
Event: 7.988 GC heap after
{Heap after GC invocations=18 (full 0):
 garbage-first heap   total 155648K, used 88800K [0x0000000080000000, 0x0000000100000000)
  region size 1024K, 3 young (3072K), 3 survivors (3072K)
 Metaspace       used 45855K, committed 46464K, reserved 1089536K
  class space    used 6400K, committed 6656K, reserved 1048576K
}
Event: 8.288 GC heap before
{Heap before GC invocations=19 (full 0):
 garbage-first heap   total 162816K, used 109280K [0x0000000080000000, 0x0000000100000000)
  region size 1024K, 23 young (23552K), 3 survivors (3072K)
 Metaspace       used 47645K, committed 48256K, reserved 1097728K
  class space    used 6639K, committed 6912K, reserved 1048576K
}
Event: 8.290 GC heap after
{Heap after GC invocations=20 (full 0):
 garbage-first heap   total 162816K, used 90503K [0x0000000080000000, 0x0000000100000000)
  region size 1024K, 2 young (2048K), 2 survivors (2048K)
 Metaspace       used 47645K, committed 48256K, reserved 1097728K
  class space    used 6639K, committed 6912K, reserved 1048576K
}
Event: 8.724 GC heap before
{Heap before GC invocations=20 (full 0):
 garbage-first heap   total 162816K, used 116103K [0x0000000080000000, 0x0000000100000000)
  region size 1024K, 28 young (28672K), 2 survivors (2048K)
 Metaspace       used 51690K, committed 52352K, reserved 1097728K
  class space    used 7075K, committed 7360K, reserved 1048576K
}
Event: 8.727 GC heap after
{Heap after GC invocations=21 (full 0):
 garbage-first heap   total 162816K, used 91520K [0x0000000080000000, 0x0000000100000000)
  region size 1024K, 3 young (3072K), 3 survivors (3072K)
 Metaspace       used 51690K, committed 52352K, reserved 1097728K
  class space    used 7075K, committed 7360K, reserved 1048576K
}
Event: 9.246 GC heap before
{Heap before GC invocations=22 (full 0):
 garbage-first heap   total 162816K, used 117120K [0x0000000080000000, 0x0000000100000000)
  region size 1024K, 29 young (29696K), 3 survivors (3072K)
 Metaspace       used 56189K, committed 56896K, reserved 1097728K
  class space    used 7666K, committed 8000K, reserved 1048576K
}
Event: 9.250 GC heap after
{Heap after GC invocations=23 (full 0):
 garbage-first heap   total 162816K, used 93912K [0x0000000080000000, 0x0000000100000000)
  region size 1024K, 4 young (4096K), 4 survivors (4096K)
 Metaspace       used 56189K, committed 56896K, reserved 1097728K
  class space    used 7666K, committed 8000K, reserved 1048576K
}
Event: 9.331 GC heap before
{Heap before GC invocations=24 (full 0):
 garbage-first heap   total 186368K, used 109272K [0x0000000080000000, 0x0000000100000000)
  region size 1024K, 16 young (16384K), 4 survivors (4096K)
 Metaspace       used 56195K, committed 56896K, reserved 1097728K
  class space    used 7666K, committed 8000K, reserved 1048576K
}
Event: 9.336 GC heap after
{Heap after GC invocations=25 (full 0):
 garbage-first heap   total 186368K, used 100264K [0x0000000080000000, 0x0000000100000000)
  region size 1024K, 5 young (5120K), 5 survivors (5120K)
 Metaspace       used 56195K, committed 56896K, reserved 1097728K
  class space    used 7666K, committed 8000K, reserved 1048576K
}
Event: 10.024 GC heap before
{Heap before GC invocations=26 (full 0):
 garbage-first heap   total 186368K, used 142248K [0x0000000080000000, 0x0000000100000000)
  region size 1024K, 44 young (45056K), 5 survivors (5120K)
 Metaspace       used 59744K, committed 60352K, reserved 1105920K
  class space    used 8120K, committed 8384K, reserved 1048576K
}
Event: 10.035 GC heap after
{Heap after GC invocations=27 (full 0):
 garbage-first heap   total 186368K, used 99297K [0x0000000080000000, 0x0000000100000000)
  region size 1024K, 3 young (3072K), 3 survivors (3072K)
 Metaspace       used 59744K, committed 60352K, reserved 1105920K
  class space    used 8120K, committed 8384K, reserved 1048576K
}
Event: 10.783 GC heap before
{Heap before GC invocations=27 (full 0):
 garbage-first heap   total 186368K, used 142305K [0x0000000080000000, 0x0000000100000000)
  region size 1024K, 45 young (46080K), 3 survivors (3072K)
 Metaspace       used 64657K, committed 65408K, reserved 1105920K
  class space    used 8788K, committed 9152K, reserved 1048576K
}

